<?xml version="1.0" encoding="UTF-8"?>
<!-- Generated by org.testng.reporters.JUnitReportReporter -->
<testsuite skipped="0" hostname="Dell-PC" name="testcases.TestCases" tests="1" failures="0" timestamp="13 Jan 2021 07:41:51 GMT" time="6.370" errors="0">
  <testcase name="test2" time="6.370" classname="testcases.TestCases"/>
</testsuite> <!-- testcases.TestCases -->
