<?xml version="1.0" encoding="UTF-8"?>
<!-- Generated by org.testng.reporters.JUnitReportReporter -->
<testsuite skipped="0" hostname="Dell-PC" name="testcases.TestCases" tests="1" failures="0" timestamp="16 Jan 2021 19:09:49 GMT" time="11.061" errors="0">
  <testcase name="test2" time="11.061" classname="testcases.TestCases"/>
</testsuite> <!-- testcases.TestCases -->
